{
 "cells": [
  {
   "cell_type": "code",
   "execution_count": 7,
   "metadata": {
    "vscode": {
     "languageId": "sql"
    }
   },
   "outputs": [],
   "source": [
    "%reload_ext sql\n",
    "%sql postgresql+psycopg2://postgres:postgres@localhost/demo"
   ]
  },
  {
   "cell_type": "code",
   "execution_count": 8,
   "metadata": {
    "vscode": {
     "languageId": "sql"
    }
   },
   "outputs": [],
   "source": [
    "%config SqlMagic.style = '_DEPRECATED_DEFAULT'"
   ]
  },
  {
   "cell_type": "markdown",
   "metadata": {},
   "source": [
    "### Partition"
   ]
  },
  {
   "cell_type": "markdown",
   "metadata": {},
   "source": [
    "#### 1. Range Partition"
   ]
  },
  {
   "cell_type": "code",
   "execution_count": 20,
   "metadata": {
    "vscode": {
     "languageId": "sql"
    }
   },
   "outputs": [
    {
     "name": "stdout",
     "output_type": "stream",
     "text": [
      " * postgresql+psycopg2://postgres:***@localhost/demo\n",
      "Done.\n",
      "Done.\n"
     ]
    },
    {
     "data": {
      "text/plain": [
       "[]"
      ]
     },
     "execution_count": 20,
     "metadata": {},
     "output_type": "execute_result"
    }
   ],
   "source": [
    "%%sql\n",
    "\n",
    "DROP TABLE IF EXISTS orders;\n",
    "\n",
    "CREATE TABLE orders (\n",
    "    order_id   SERIAL not null,\n",
    "    order_date DATE NOT NULL, \n",
    "    customer_name VARCHAR(50),\n",
    "    amount     DECIMAL(10,2)\n",
    "-- PRIMARY KEY(order_id, order_date)\n",
    ")\n",
    "PARTITION BY RANGE (order_date);"
   ]
  },
  {
   "cell_type": "code",
   "execution_count": 27,
   "metadata": {
    "vscode": {
     "languageId": "sql"
    }
   },
   "outputs": [
    {
     "name": "stdout",
     "output_type": "stream",
     "text": [
      " * postgresql+psycopg2://postgres:***@localhost/demo\n",
      "Done.\n",
      "Done.\n"
     ]
    },
    {
     "data": {
      "text/plain": [
       "[]"
      ]
     },
     "execution_count": 27,
     "metadata": {},
     "output_type": "execute_result"
    }
   ],
   "source": [
    "%%sql\n",
    "\n",
    "create table order_2019 PARTITION of orders\n",
    "for values from ('2019-01-01') to ('2020-01-01');\n",
    "\n",
    "create table order_2020 PARTITION of orders\n",
    "for values from ('2020-01-01') to ('2021-01-01');\n",
    "\n",
    "create table order_2021 PARTITION of orders\n",
    "for values from ('2021-01-01') to ('2022-01-01');\n",
    "\n",
    "create table order_2022 PARTITION OF orders\n",
    "for values from ('2022-01-01') to ('2023-01-01');\n",
    "\n",
    "create table order_default PARTITION of orders\n",
    "default;\n",
    "\n"
   ]
  },
  {
   "cell_type": "code",
   "execution_count": 28,
   "metadata": {
    "vscode": {
     "languageId": "sql"
    }
   },
   "outputs": [
    {
     "name": "stdout",
     "output_type": "stream",
     "text": [
      " * postgresql+psycopg2://postgres:***@localhost/demo\n",
      "6 rows affected.\n"
     ]
    },
    {
     "data": {
      "text/plain": [
       "[]"
      ]
     },
     "execution_count": 28,
     "metadata": {},
     "output_type": "execute_result"
    }
   ],
   "source": [
    "%%sql\n",
    "\n",
    "INSERT INTO orders (order_date, customer_name, amount)\n",
    "VALUES\n",
    "('2019-05-10', 'Alice', 100.00),\n",
    "('2020-01-15', 'Bob', 200.50),\n",
    "('2020-12-01', 'Charlie', 300.00),\n",
    "('2021-07-20', 'Diana', 150.75),\n",
    "('2022-03-02', 'Edward', 500.00),\n",
    "('2025-06-18', 'FutureMan', 9999.99);"
   ]
  },
  {
   "cell_type": "code",
   "execution_count": 30,
   "metadata": {
    "vscode": {
     "languageId": "sql"
    }
   },
   "outputs": [
    {
     "name": "stdout",
     "output_type": "stream",
     "text": [
      " * postgresql+psycopg2://postgres:***@localhost/demo\n",
      "1 rows affected.\n"
     ]
    },
    {
     "data": {
      "text/html": [
       "<table>\n",
       "    <thead>\n",
       "        <tr>\n",
       "            <th>order_id</th>\n",
       "            <th>order_date</th>\n",
       "            <th>customer_name</th>\n",
       "            <th>amount</th>\n",
       "        </tr>\n",
       "    </thead>\n",
       "    <tbody>\n",
       "        <tr>\n",
       "            <td>10</td>\n",
       "            <td>2022-03-02</td>\n",
       "            <td>Edward</td>\n",
       "            <td>500.00</td>\n",
       "        </tr>\n",
       "    </tbody>\n",
       "</table>"
      ],
      "text/plain": [
       "[(10, datetime.date(2022, 3, 2), 'Edward', Decimal('500.00'))]"
      ]
     },
     "execution_count": 30,
     "metadata": {},
     "output_type": "execute_result"
    }
   ],
   "source": [
    "%%sql\n",
    "\n",
    "select *\n",
    "from orders\n",
    "where order_date between '2022-01-01' and '2022-08-01';"
   ]
  },
  {
   "cell_type": "code",
   "execution_count": 33,
   "metadata": {
    "vscode": {
     "languageId": "sql"
    }
   },
   "outputs": [
    {
     "name": "stdout",
     "output_type": "stream",
     "text": [
      " * postgresql+psycopg2://postgres:***@localhost/demo\n",
      "4 rows affected.\n"
     ]
    },
    {
     "data": {
      "text/html": [
       "<table>\n",
       "    <thead>\n",
       "        <tr>\n",
       "            <th>QUERY PLAN</th>\n",
       "        </tr>\n",
       "    </thead>\n",
       "    <tbody>\n",
       "        <tr>\n",
       "            <td>Seq Scan on order_2022 orders  (cost=0.00..17.20 rows=2 width=142) (actual time=0.010..0.011 rows=1 loops=1)</td>\n",
       "        </tr>\n",
       "        <tr>\n",
       "            <td>&nbsp;&nbsp;Filter: ((order_date &gt;= &#x27;2022-01-01&#x27;::date) AND (order_date &lt;= &#x27;2022-08-01&#x27;::date))</td>\n",
       "        </tr>\n",
       "        <tr>\n",
       "            <td>Planning Time: 0.138 ms</td>\n",
       "        </tr>\n",
       "        <tr>\n",
       "            <td>Execution Time: 0.022 ms</td>\n",
       "        </tr>\n",
       "    </tbody>\n",
       "</table>"
      ],
      "text/plain": [
       "[('Seq Scan on order_2022 orders  (cost=0.00..17.20 rows=2 width=142) (actual time=0.010..0.011 rows=1 loops=1)',),\n",
       " (\"  Filter: ((order_date >= '2022-01-01'::date) AND (order_date <= '2022-08-01'::date))\",),\n",
       " ('Planning Time: 0.138 ms',),\n",
       " ('Execution Time: 0.022 ms',)]"
      ]
     },
     "execution_count": 33,
     "metadata": {},
     "output_type": "execute_result"
    }
   ],
   "source": [
    "%%sql\n",
    "\n",
    "explain analyze\n",
    "\n",
    "select *\n",
    "from orders\n",
    "where order_date between '2022-01-01' and '2022-08-01';"
   ]
  },
  {
   "cell_type": "code",
   "execution_count": 35,
   "metadata": {
    "vscode": {
     "languageId": "sql"
    }
   },
   "outputs": [
    {
     "name": "stdout",
     "output_type": "stream",
     "text": [
      " * postgresql+psycopg2://postgres:***@localhost/demo\n",
      "18 rows affected.\n"
     ]
    },
    {
     "data": {
      "text/html": [
       "<table>\n",
       "    <thead>\n",
       "        <tr>\n",
       "            <th>QUERY PLAN</th>\n",
       "        </tr>\n",
       "    </thead>\n",
       "    <tbody>\n",
       "        <tr>\n",
       "            <td>Append  (cost=0.00..86.05 rows=10 width=142) (actual time=0.030..0.031 rows=0 loops=1)</td>\n",
       "        </tr>\n",
       "        <tr>\n",
       "            <td>&nbsp;&nbsp;-&gt;  Seq Scan on order_2019 orders_1  (cost=0.00..17.20 rows=2 width=142) (actual time=0.015..0.015 rows=0 loops=1)</td>\n",
       "        </tr>\n",
       "        <tr>\n",
       "            <td>&nbsp;&nbsp;&nbsp;&nbsp;&nbsp;&nbsp;&nbsp;&nbsp;Filter: (EXTRACT(year FROM order_date) = &#x27;2023&#x27;::numeric)</td>\n",
       "        </tr>\n",
       "        <tr>\n",
       "            <td>&nbsp;&nbsp;&nbsp;&nbsp;&nbsp;&nbsp;&nbsp;&nbsp;Rows Removed by Filter: 1</td>\n",
       "        </tr>\n",
       "        <tr>\n",
       "            <td>&nbsp;&nbsp;-&gt;  Seq Scan on order_2020 orders_2  (cost=0.00..17.20 rows=2 width=142) (actual time=0.006..0.006 rows=0 loops=1)</td>\n",
       "        </tr>\n",
       "        <tr>\n",
       "            <td>&nbsp;&nbsp;&nbsp;&nbsp;&nbsp;&nbsp;&nbsp;&nbsp;Filter: (EXTRACT(year FROM order_date) = &#x27;2023&#x27;::numeric)</td>\n",
       "        </tr>\n",
       "        <tr>\n",
       "            <td>&nbsp;&nbsp;&nbsp;&nbsp;&nbsp;&nbsp;&nbsp;&nbsp;Rows Removed by Filter: 2</td>\n",
       "        </tr>\n",
       "        <tr>\n",
       "            <td>&nbsp;&nbsp;-&gt;  Seq Scan on order_2021 orders_3  (cost=0.00..17.20 rows=2 width=142) (actual time=0.003..0.003 rows=0 loops=1)</td>\n",
       "        </tr>\n",
       "        <tr>\n",
       "            <td>&nbsp;&nbsp;&nbsp;&nbsp;&nbsp;&nbsp;&nbsp;&nbsp;Filter: (EXTRACT(year FROM order_date) = &#x27;2023&#x27;::numeric)</td>\n",
       "        </tr>\n",
       "        <tr>\n",
       "            <td>&nbsp;&nbsp;&nbsp;&nbsp;&nbsp;&nbsp;&nbsp;&nbsp;Rows Removed by Filter: 1</td>\n",
       "        </tr>\n",
       "        <tr>\n",
       "            <td>&nbsp;&nbsp;-&gt;  Seq Scan on order_2022 orders_4  (cost=0.00..17.20 rows=2 width=142) (actual time=0.002..0.002 rows=0 loops=1)</td>\n",
       "        </tr>\n",
       "        <tr>\n",
       "            <td>&nbsp;&nbsp;&nbsp;&nbsp;&nbsp;&nbsp;&nbsp;&nbsp;Filter: (EXTRACT(year FROM order_date) = &#x27;2023&#x27;::numeric)</td>\n",
       "        </tr>\n",
       "        <tr>\n",
       "            <td>&nbsp;&nbsp;&nbsp;&nbsp;&nbsp;&nbsp;&nbsp;&nbsp;Rows Removed by Filter: 1</td>\n",
       "        </tr>\n",
       "        <tr>\n",
       "            <td>&nbsp;&nbsp;-&gt;  Seq Scan on order_default orders_5  (cost=0.00..17.20 rows=2 width=142) (actual time=0.003..0.003 rows=0 loops=1)</td>\n",
       "        </tr>\n",
       "        <tr>\n",
       "            <td>&nbsp;&nbsp;&nbsp;&nbsp;&nbsp;&nbsp;&nbsp;&nbsp;Filter: (EXTRACT(year FROM order_date) = &#x27;2023&#x27;::numeric)</td>\n",
       "        </tr>\n",
       "        <tr>\n",
       "            <td>&nbsp;&nbsp;&nbsp;&nbsp;&nbsp;&nbsp;&nbsp;&nbsp;Rows Removed by Filter: 1</td>\n",
       "        </tr>\n",
       "        <tr>\n",
       "            <td>Planning Time: 0.306 ms</td>\n",
       "        </tr>\n",
       "        <tr>\n",
       "            <td>Execution Time: 0.063 ms</td>\n",
       "        </tr>\n",
       "    </tbody>\n",
       "</table>"
      ],
      "text/plain": [
       "[('Append  (cost=0.00..86.05 rows=10 width=142) (actual time=0.030..0.031 rows=0 loops=1)',),\n",
       " ('  ->  Seq Scan on order_2019 orders_1  (cost=0.00..17.20 rows=2 width=142) (actual time=0.015..0.015 rows=0 loops=1)',),\n",
       " (\"        Filter: (EXTRACT(year FROM order_date) = '2023'::numeric)\",),\n",
       " ('        Rows Removed by Filter: 1',),\n",
       " ('  ->  Seq Scan on order_2020 orders_2  (cost=0.00..17.20 rows=2 width=142) (actual time=0.006..0.006 rows=0 loops=1)',),\n",
       " (\"        Filter: (EXTRACT(year FROM order_date) = '2023'::numeric)\",),\n",
       " ('        Rows Removed by Filter: 2',),\n",
       " ('  ->  Seq Scan on order_2021 orders_3  (cost=0.00..17.20 rows=2 width=142) (actual time=0.003..0.003 rows=0 loops=1)',),\n",
       " (\"        Filter: (EXTRACT(year FROM order_date) = '2023'::numeric)\",),\n",
       " ('        Rows Removed by Filter: 1',),\n",
       " ('  ->  Seq Scan on order_2022 orders_4  (cost=0.00..17.20 rows=2 width=142) (actual time=0.002..0.002 rows=0 loops=1)',),\n",
       " (\"        Filter: (EXTRACT(year FROM order_date) = '2023'::numeric)\",),\n",
       " ('        Rows Removed by Filter: 1',),\n",
       " ('  ->  Seq Scan on order_default orders_5  (cost=0.00..17.20 rows=2 width=142) (actual time=0.003..0.003 rows=0 loops=1)',),\n",
       " (\"        Filter: (EXTRACT(year FROM order_date) = '2023'::numeric)\",),\n",
       " ('        Rows Removed by Filter: 1',),\n",
       " ('Planning Time: 0.306 ms',),\n",
       " ('Execution Time: 0.063 ms',)]"
      ]
     },
     "execution_count": 35,
     "metadata": {},
     "output_type": "execute_result"
    }
   ],
   "source": [
    "%%sql\n",
    "EXPLAIN ANALYZE \n",
    "SELECT * FROM orders WHERE EXTRACT(YEAR FROM order_date) = 2023;"
   ]
  },
  {
   "cell_type": "markdown",
   "metadata": {},
   "source": [
    "##### 2. List Partition"
   ]
  },
  {
   "cell_type": "code",
   "execution_count": 37,
   "metadata": {
    "vscode": {
     "languageId": "sql"
    }
   },
   "outputs": [
    {
     "name": "stdout",
     "output_type": "stream",
     "text": [
      " * postgresql+psycopg2://postgres:***@localhost/demo\n",
      "Done.\n",
      "Done.\n"
     ]
    },
    {
     "data": {
      "text/plain": [
       "[]"
      ]
     },
     "execution_count": 37,
     "metadata": {},
     "output_type": "execute_result"
    }
   ],
   "source": [
    "%%sql\n",
    "\n",
    "DROP TABLE IF EXISTS employees;\n",
    "\n",
    "CREATE TABLE employees (\n",
    "    employee_id SERIAL,\n",
    "    first_name  VARCHAR(50),\n",
    "    last_name   VARCHAR(50),\n",
    "    department  VARCHAR(50),\n",
    "    primary key (employee_id,department)\n",
    ")\n",
    "PARTITION BY LIST (department);"
   ]
  },
  {
   "cell_type": "code",
   "execution_count": 38,
   "metadata": {
    "vscode": {
     "languageId": "sql"
    }
   },
   "outputs": [
    {
     "name": "stdout",
     "output_type": "stream",
     "text": [
      " * postgresql+psycopg2://postgres:***@localhost/demo\n",
      "Done.\n",
      "Done.\n",
      "Done.\n",
      "Done.\n"
     ]
    },
    {
     "data": {
      "text/plain": [
       "[]"
      ]
     },
     "execution_count": 38,
     "metadata": {},
     "output_type": "execute_result"
    }
   ],
   "source": [
    "%%sql\n",
    "\n",
    "create table employee_hr PARTITION of employees\n",
    "for values in ('HR');\n",
    "\n",
    "create table employee_sale PARTITION of employees\n",
    "for values in ('Sales');\n",
    "\n",
    "create table employee_it PARTITION of employees\n",
    "for values in ('Engineering', 'DevOps');\n",
    "\n",
    "create table employee_other PARTITION of employees\n",
    "for values in ('Finance', 'Marketing', 'Operations');"
   ]
  },
  {
   "cell_type": "code",
   "execution_count": 40,
   "metadata": {
    "vscode": {
     "languageId": "sql"
    }
   },
   "outputs": [
    {
     "name": "stdout",
     "output_type": "stream",
     "text": [
      " * postgresql+psycopg2://postgres:***@localhost/demo\n",
      "5 rows affected.\n"
     ]
    },
    {
     "data": {
      "text/plain": [
       "[]"
      ]
     },
     "execution_count": 40,
     "metadata": {},
     "output_type": "execute_result"
    }
   ],
   "source": [
    "%%sql\n",
    "\n",
    "INSERT INTO employees (first_name, last_name, department)\n",
    "VALUES\n",
    "('Alice', 'Smith', 'Sales'),\n",
    "('Bob', 'Johnson', 'HR'),\n",
    "('Charlie', 'Lee', 'Engineering'),\n",
    "('Diana', 'Lopez', 'DevOps'),\n",
    "('Eve', 'Turner', 'Marketing');"
   ]
  },
  {
   "cell_type": "code",
   "execution_count": 41,
   "metadata": {
    "vscode": {
     "languageId": "sql"
    }
   },
   "outputs": [
    {
     "name": "stdout",
     "output_type": "stream",
     "text": [
      " * postgresql+psycopg2://postgres:***@localhost/demo\n",
      "1 rows affected.\n"
     ]
    },
    {
     "data": {
      "text/html": [
       "<table>\n",
       "    <thead>\n",
       "        <tr>\n",
       "            <th>employee_id</th>\n",
       "            <th>first_name</th>\n",
       "            <th>last_name</th>\n",
       "            <th>department</th>\n",
       "        </tr>\n",
       "    </thead>\n",
       "    <tbody>\n",
       "        <tr>\n",
       "            <td>1</td>\n",
       "            <td>Alice</td>\n",
       "            <td>Smith</td>\n",
       "            <td>Sales</td>\n",
       "        </tr>\n",
       "    </tbody>\n",
       "</table>"
      ],
      "text/plain": [
       "[(1, 'Alice', 'Smith', 'Sales')]"
      ]
     },
     "execution_count": 41,
     "metadata": {},
     "output_type": "execute_result"
    }
   ],
   "source": [
    "%%sql\n",
    "\n",
    "select * \n",
    "from employees\n",
    "where department = 'Sales';"
   ]
  },
  {
   "cell_type": "code",
   "execution_count": 42,
   "metadata": {
    "vscode": {
     "languageId": "sql"
    }
   },
   "outputs": [
    {
     "name": "stdout",
     "output_type": "stream",
     "text": [
      " * postgresql+psycopg2://postgres:***@localhost/demo\n",
      "4 rows affected.\n"
     ]
    },
    {
     "data": {
      "text/html": [
       "<table>\n",
       "    <thead>\n",
       "        <tr>\n",
       "            <th>QUERY PLAN</th>\n",
       "        </tr>\n",
       "    </thead>\n",
       "    <tbody>\n",
       "        <tr>\n",
       "            <td>Seq Scan on employee_sale employees  (cost=0.00..12.62 rows=1 width=358) (actual time=0.009..0.010 rows=1 loops=1)</td>\n",
       "        </tr>\n",
       "        <tr>\n",
       "            <td>&nbsp;&nbsp;Filter: ((department)::text = &#x27;Sales&#x27;::text)</td>\n",
       "        </tr>\n",
       "        <tr>\n",
       "            <td>Planning Time: 0.083 ms</td>\n",
       "        </tr>\n",
       "        <tr>\n",
       "            <td>Execution Time: 0.023 ms</td>\n",
       "        </tr>\n",
       "    </tbody>\n",
       "</table>"
      ],
      "text/plain": [
       "[('Seq Scan on employee_sale employees  (cost=0.00..12.62 rows=1 width=358) (actual time=0.009..0.010 rows=1 loops=1)',),\n",
       " (\"  Filter: ((department)::text = 'Sales'::text)\",),\n",
       " ('Planning Time: 0.083 ms',),\n",
       " ('Execution Time: 0.023 ms',)]"
      ]
     },
     "execution_count": 42,
     "metadata": {},
     "output_type": "execute_result"
    }
   ],
   "source": [
    "%%sql\n",
    "\n",
    "EXPLAIN ANALYZE\n",
    "\n",
    "select * \n",
    "from employees\n",
    "where department = 'Sales';"
   ]
  },
  {
   "cell_type": "code",
   "execution_count": 43,
   "metadata": {
    "vscode": {
     "languageId": "sql"
    }
   },
   "outputs": [
    {
     "name": "stdout",
     "output_type": "stream",
     "text": [
      " * postgresql+psycopg2://postgres:***@localhost/demo\n",
      "7 rows affected.\n"
     ]
    },
    {
     "data": {
      "text/html": [
       "<table>\n",
       "    <thead>\n",
       "        <tr>\n",
       "            <th>QUERY PLAN</th>\n",
       "        </tr>\n",
       "    </thead>\n",
       "    <tbody>\n",
       "        <tr>\n",
       "            <td>Append  (cost=0.00..25.27 rows=4 width=358) (actual time=0.014..0.019 rows=2 loops=1)</td>\n",
       "        </tr>\n",
       "        <tr>\n",
       "            <td>&nbsp;&nbsp;-&gt;  Seq Scan on employee_hr employees_1  (cost=0.00..12.62 rows=2 width=358) (actual time=0.012..0.013 rows=1 loops=1)</td>\n",
       "        </tr>\n",
       "        <tr>\n",
       "            <td>&nbsp;&nbsp;&nbsp;&nbsp;&nbsp;&nbsp;&nbsp;&nbsp;Filter: ((department)::text = ANY (&#x27;{Sales,HR}&#x27;::text[]))</td>\n",
       "        </tr>\n",
       "        <tr>\n",
       "            <td>&nbsp;&nbsp;-&gt;  Seq Scan on employee_sale employees_2  (cost=0.00..12.62 rows=2 width=358) (actual time=0.004..0.004 rows=1 loops=1)</td>\n",
       "        </tr>\n",
       "        <tr>\n",
       "            <td>&nbsp;&nbsp;&nbsp;&nbsp;&nbsp;&nbsp;&nbsp;&nbsp;Filter: ((department)::text = ANY (&#x27;{Sales,HR}&#x27;::text[]))</td>\n",
       "        </tr>\n",
       "        <tr>\n",
       "            <td>Planning Time: 0.346 ms</td>\n",
       "        </tr>\n",
       "        <tr>\n",
       "            <td>Execution Time: 0.035 ms</td>\n",
       "        </tr>\n",
       "    </tbody>\n",
       "</table>"
      ],
      "text/plain": [
       "[('Append  (cost=0.00..25.27 rows=4 width=358) (actual time=0.014..0.019 rows=2 loops=1)',),\n",
       " ('  ->  Seq Scan on employee_hr employees_1  (cost=0.00..12.62 rows=2 width=358) (actual time=0.012..0.013 rows=1 loops=1)',),\n",
       " (\"        Filter: ((department)::text = ANY ('{Sales,HR}'::text[]))\",),\n",
       " ('  ->  Seq Scan on employee_sale employees_2  (cost=0.00..12.62 rows=2 width=358) (actual time=0.004..0.004 rows=1 loops=1)',),\n",
       " (\"        Filter: ((department)::text = ANY ('{Sales,HR}'::text[]))\",),\n",
       " ('Planning Time: 0.346 ms',),\n",
       " ('Execution Time: 0.035 ms',)]"
      ]
     },
     "execution_count": 43,
     "metadata": {},
     "output_type": "execute_result"
    }
   ],
   "source": [
    "%%sql\n",
    "\n",
    "EXPLAIN ANALYZE\n",
    "\n",
    "select * \n",
    "from employees\n",
    "where department in ('Sales', 'HR');"
   ]
  },
  {
   "cell_type": "markdown",
   "metadata": {},
   "source": [
    "##### 3. Hash Partition"
   ]
  },
  {
   "cell_type": "code",
   "execution_count": 45,
   "metadata": {
    "vscode": {
     "languageId": "sql"
    }
   },
   "outputs": [
    {
     "name": "stdout",
     "output_type": "stream",
     "text": [
      " * postgresql+psycopg2://postgres:***@localhost/demo\n",
      "Done.\n",
      "Done.\n"
     ]
    },
    {
     "data": {
      "text/plain": [
       "[]"
      ]
     },
     "execution_count": 45,
     "metadata": {},
     "output_type": "execute_result"
    }
   ],
   "source": [
    "%%sql\n",
    "DROP TABLE IF EXISTS sensor_data;\n",
    "\n",
    "CREATE TABLE sensor_data (\n",
    "    sensor_id     INT NOT NULL,\n",
    "    reading_time  DATE NOT NULL,\n",
    "    reading_value DECIMAL(10,2),\n",
    "    PRIMARY KEY (sensor_id, reading_time)\n",
    ")\n",
    "PARTITION BY HASH(sensor_id);"
   ]
  },
  {
   "cell_type": "code",
   "execution_count": 48,
   "metadata": {
    "vscode": {
     "languageId": "sql"
    }
   },
   "outputs": [
    {
     "name": "stdout",
     "output_type": "stream",
     "text": [
      " * postgresql+psycopg2://postgres:***@localhost/demo\n",
      "Done.\n",
      "Done.\n"
     ]
    },
    {
     "data": {
      "text/plain": [
       "[]"
      ]
     },
     "execution_count": 48,
     "metadata": {},
     "output_type": "execute_result"
    }
   ],
   "source": [
    "%%sql\n",
    "\n",
    "CREATE table sensor_0 PARTITION of sensor_data\n",
    "for values with(modulus 2, remainder 0);\n",
    "\n",
    "create table sensor_1 PARTITION of sensor_data\n",
    "for values with(modulus 2, remainder 1)"
   ]
  },
  {
   "cell_type": "code",
   "execution_count": 50,
   "metadata": {
    "vscode": {
     "languageId": "sql"
    }
   },
   "outputs": [
    {
     "name": "stdout",
     "output_type": "stream",
     "text": [
      " * postgresql+psycopg2://postgres:***@localhost/demo\n",
      "6 rows affected.\n"
     ]
    },
    {
     "data": {
      "text/plain": [
       "[]"
      ]
     },
     "execution_count": 50,
     "metadata": {},
     "output_type": "execute_result"
    }
   ],
   "source": [
    "%%sql\n",
    "INSERT INTO sensor_data (sensor_id, reading_time, reading_value)\n",
    "VALUES\n",
    "(101, '2025-01-01 10:00:00', 23.50),\n",
    "(102, '2025-01-01 10:05:00', 24.10),\n",
    "(103, '2025-01-01 10:10:00', 22.75),\n",
    "(104, '2025-01-01 10:15:00', 25.00),\n",
    "(105, '2025-01-01 10:20:00', 20.00),\n",
    "(106, '2025-01-01 10:25:00', 21.60);"
   ]
  },
  {
   "cell_type": "code",
   "execution_count": 51,
   "metadata": {
    "vscode": {
     "languageId": "sql"
    }
   },
   "outputs": [
    {
     "name": "stdout",
     "output_type": "stream",
     "text": [
      " * postgresql+psycopg2://postgres:***@localhost/demo\n",
      "1 rows affected.\n"
     ]
    },
    {
     "data": {
      "text/html": [
       "<table>\n",
       "    <thead>\n",
       "        <tr>\n",
       "            <th>sensor_id</th>\n",
       "            <th>reading_time</th>\n",
       "            <th>reading_value</th>\n",
       "        </tr>\n",
       "    </thead>\n",
       "    <tbody>\n",
       "        <tr>\n",
       "            <td>102</td>\n",
       "            <td>2025-01-01</td>\n",
       "            <td>24.10</td>\n",
       "        </tr>\n",
       "    </tbody>\n",
       "</table>"
      ],
      "text/plain": [
       "[(102, datetime.date(2025, 1, 1), Decimal('24.10'))]"
      ]
     },
     "execution_count": 51,
     "metadata": {},
     "output_type": "execute_result"
    }
   ],
   "source": [
    "%%sql\n",
    "\n",
    "select *\n",
    "from sensor_data\n",
    "where sensor_id = 102;"
   ]
  },
  {
   "cell_type": "code",
   "execution_count": 52,
   "metadata": {
    "vscode": {
     "languageId": "sql"
    }
   },
   "outputs": [
    {
     "name": "stdout",
     "output_type": "stream",
     "text": [
      " * postgresql+psycopg2://postgres:***@localhost/demo\n",
      "7 rows affected.\n"
     ]
    },
    {
     "data": {
      "text/html": [
       "<table>\n",
       "    <thead>\n",
       "        <tr>\n",
       "            <th>QUERY PLAN</th>\n",
       "        </tr>\n",
       "    </thead>\n",
       "    <tbody>\n",
       "        <tr>\n",
       "            <td>Bitmap Heap Scan on sensor_0 sensor_data  (cost=4.21..14.37 rows=8 width=24) (actual time=0.020..0.021 rows=1 loops=1)</td>\n",
       "        </tr>\n",
       "        <tr>\n",
       "            <td>&nbsp;&nbsp;Recheck Cond: (sensor_id = 102)</td>\n",
       "        </tr>\n",
       "        <tr>\n",
       "            <td>&nbsp;&nbsp;Heap Blocks: exact=1</td>\n",
       "        </tr>\n",
       "        <tr>\n",
       "            <td>&nbsp;&nbsp;-&gt;  Bitmap Index Scan on sensor_0_pkey  (cost=0.00..4.21 rows=8 width=0) (actual time=0.014..0.014 rows=1 loops=1)</td>\n",
       "        </tr>\n",
       "        <tr>\n",
       "            <td>&nbsp;&nbsp;&nbsp;&nbsp;&nbsp;&nbsp;&nbsp;&nbsp;Index Cond: (sensor_id = 102)</td>\n",
       "        </tr>\n",
       "        <tr>\n",
       "            <td>Planning Time: 0.117 ms</td>\n",
       "        </tr>\n",
       "        <tr>\n",
       "            <td>Execution Time: 0.050 ms</td>\n",
       "        </tr>\n",
       "    </tbody>\n",
       "</table>"
      ],
      "text/plain": [
       "[('Bitmap Heap Scan on sensor_0 sensor_data  (cost=4.21..14.37 rows=8 width=24) (actual time=0.020..0.021 rows=1 loops=1)',),\n",
       " ('  Recheck Cond: (sensor_id = 102)',),\n",
       " ('  Heap Blocks: exact=1',),\n",
       " ('  ->  Bitmap Index Scan on sensor_0_pkey  (cost=0.00..4.21 rows=8 width=0) (actual time=0.014..0.014 rows=1 loops=1)',),\n",
       " ('        Index Cond: (sensor_id = 102)',),\n",
       " ('Planning Time: 0.117 ms',),\n",
       " ('Execution Time: 0.050 ms',)]"
      ]
     },
     "execution_count": 52,
     "metadata": {},
     "output_type": "execute_result"
    }
   ],
   "source": [
    "%%sql\n",
    "\n",
    "explain analyze\n",
    "\n",
    "select *\n",
    "from sensor_data\n",
    "where sensor_id = 102;"
   ]
  }
 ],
 "metadata": {
  "kernelspec": {
   "display_name": "hello",
   "language": "python",
   "name": "python3"
  },
  "language_info": {
   "codemirror_mode": {
    "name": "ipython",
    "version": 3
   },
   "file_extension": ".py",
   "mimetype": "text/x-python",
   "name": "python",
   "nbconvert_exporter": "python",
   "pygments_lexer": "ipython3",
   "version": "3.11.4"
  }
 },
 "nbformat": 4,
 "nbformat_minor": 2
}
