{
 "cells": [
  {
   "cell_type": "code",
   "execution_count": 72,
   "id": "49d86896",
   "metadata": {
    "vscode": {
     "languageId": "sql"
    }
   },
   "outputs": [],
   "source": [
    "%reload_ext sql\n",
    "%sql postgresql+psycopg2://postgres:postgres@localhost/demo"
   ]
  },
  {
   "cell_type": "code",
   "execution_count": 73,
   "id": "f2492b42",
   "metadata": {
    "vscode": {
     "languageId": "sql"
    }
   },
   "outputs": [],
   "source": [
    "%config SqlMagic.style = '_DEPRECATED_DEFAULT'"
   ]
  },
  {
   "cell_type": "markdown",
   "id": "18132731",
   "metadata": {},
   "source": [
    "### Partition with index"
   ]
  },
  {
   "cell_type": "code",
   "execution_count": 74,
   "id": "c72bc7a2",
   "metadata": {
    "vscode": {
     "languageId": "sql"
    }
   },
   "outputs": [
    {
     "name": "stdout",
     "output_type": "stream",
     "text": [
      " * postgresql+psycopg2://postgres:***@localhost/demo\n",
      "Done.\n",
      "Done.\n"
     ]
    },
    {
     "data": {
      "text/plain": [
       "[]"
      ]
     },
     "execution_count": 74,
     "metadata": {},
     "output_type": "execute_result"
    }
   ],
   "source": [
    "%%sql\n",
    "DROP table address;\n",
    "\n",
    "create table address(\n",
    "    civic integer,\n",
    "    street text,\n",
    "    city text,\n",
    "    primary key(civic, street, city)\n",
    ") partition by list(city);"
   ]
  },
  {
   "cell_type": "code",
   "execution_count": 75,
   "id": "fbcc411c",
   "metadata": {
    "vscode": {
     "languageId": "sql"
    }
   },
   "outputs": [
    {
     "name": "stdout",
     "output_type": "stream",
     "text": [
      " * postgresql+psycopg2://postgres:***@localhost/demo\n",
      "Done.\n",
      "Done.\n",
      "Done.\n"
     ]
    },
    {
     "data": {
      "text/plain": [
       "[]"
      ]
     },
     "execution_count": 75,
     "metadata": {},
     "output_type": "execute_result"
    }
   ],
   "source": [
    "%%sql\n",
    "create table add_win partition of address\n",
    "for values in ('winchester');\n",
    "\n",
    "create table add_wil partition of address\n",
    "for values in ('williamburg');\n",
    "\n",
    "create table add_default partition of address\n",
    "default;\n"
   ]
  },
  {
   "cell_type": "code",
   "execution_count": 76,
   "id": "d5b8dc96",
   "metadata": {
    "vscode": {
     "languageId": "sql"
    }
   },
   "outputs": [
    {
     "name": "stdout",
     "output_type": "stream",
     "text": [
      " * postgresql+psycopg2://postgres:***@localhost/demo\n",
      "8 rows affected.\n"
     ]
    },
    {
     "data": {
      "text/plain": [
       "[]"
      ]
     },
     "execution_count": 76,
     "metadata": {},
     "output_type": "execute_result"
    }
   ],
   "source": [
    "%%sql\n",
    "insert into address(civic, street, city)\n",
    "values(12, 'fred', 'winchester'),\n",
    "(12, 'may', 'winchester'),\n",
    "(12, 'clearance', 'winchester'),\n",
    "(12, 'lighting', 'williamburg'),\n",
    "(12, 'shannete', 'williamburg'),\n",
    "(54, 'filon', 'embrun'),\n",
    "(54, 'dore', 'casselman'),\n",
    "(88, 'consv', 'casselman');"
   ]
  },
  {
   "cell_type": "code",
   "execution_count": 77,
   "id": "a1bc7bf6",
   "metadata": {
    "vscode": {
     "languageId": "sql"
    }
   },
   "outputs": [
    {
     "name": "stdout",
     "output_type": "stream",
     "text": [
      " * postgresql+psycopg2://postgres:***@localhost/demo\n",
      "Done.\n",
      "Done.\n"
     ]
    },
    {
     "data": {
      "text/plain": [
       "[]"
      ]
     },
     "execution_count": 77,
     "metadata": {},
     "output_type": "execute_result"
    }
   ],
   "source": [
    "%%sql\n",
    "create index idx_win on add_win(street);\n",
    "create index idx_wil on add_wil(street);"
   ]
  },
  {
   "cell_type": "code",
   "execution_count": 78,
   "id": "0d76413d",
   "metadata": {
    "vscode": {
     "languageId": "sql"
    }
   },
   "outputs": [
    {
     "name": "stdout",
     "output_type": "stream",
     "text": [
      " * postgresql+psycopg2://postgres:***@localhost/demo\n",
      "5 rows affected.\n"
     ]
    },
    {
     "data": {
      "text/html": [
       "<table>\n",
       "    <thead>\n",
       "        <tr>\n",
       "            <th>QUERY PLAN</th>\n",
       "        </tr>\n",
       "    </thead>\n",
       "    <tbody>\n",
       "        <tr>\n",
       "            <td>Seq Scan on add_default address  (cost=0.00..20.62 rows=4 width=68) (actual time=0.008..0.009 rows=2 loops=1)</td>\n",
       "        </tr>\n",
       "        <tr>\n",
       "            <td>&nbsp;&nbsp;Filter: (city = &#x27;casselman&#x27;::text)</td>\n",
       "        </tr>\n",
       "        <tr>\n",
       "            <td>&nbsp;&nbsp;Rows Removed by Filter: 1</td>\n",
       "        </tr>\n",
       "        <tr>\n",
       "            <td>Planning Time: 0.111 ms</td>\n",
       "        </tr>\n",
       "        <tr>\n",
       "            <td>Execution Time: 0.019 ms</td>\n",
       "        </tr>\n",
       "    </tbody>\n",
       "</table>"
      ],
      "text/plain": [
       "[('Seq Scan on add_default address  (cost=0.00..20.62 rows=4 width=68) (actual time=0.008..0.009 rows=2 loops=1)',),\n",
       " (\"  Filter: (city = 'casselman'::text)\",),\n",
       " ('  Rows Removed by Filter: 1',),\n",
       " ('Planning Time: 0.111 ms',),\n",
       " ('Execution Time: 0.019 ms',)]"
      ]
     },
     "execution_count": 78,
     "metadata": {},
     "output_type": "execute_result"
    }
   ],
   "source": [
    "%%sql\n",
    "\n",
    "explain ANALYZE\n",
    "select *\n",
    "from address\n",
    "where city = 'casselman';"
   ]
  },
  {
   "cell_type": "code",
   "execution_count": 79,
   "id": "2eaa6220",
   "metadata": {
    "vscode": {
     "languageId": "sql"
    }
   },
   "outputs": [
    {
     "name": "stdout",
     "output_type": "stream",
     "text": [
      " * postgresql+psycopg2://postgres:***@localhost/demo\n",
      "5 rows affected.\n"
     ]
    },
    {
     "data": {
      "text/html": [
       "<table>\n",
       "    <thead>\n",
       "        <tr>\n",
       "            <th>QUERY PLAN</th>\n",
       "        </tr>\n",
       "    </thead>\n",
       "    <tbody>\n",
       "        <tr>\n",
       "            <td>Index Only Scan using add_default_pkey on add_default address  (cost=0.15..20.66 rows=1 width=68) (actual time=0.040..0.041 rows=1 loops=1)</td>\n",
       "        </tr>\n",
       "        <tr>\n",
       "            <td>&nbsp;&nbsp;Index Cond: ((street = &#x27;dore&#x27;::text) AND (city = &#x27;casselman&#x27;::text))</td>\n",
       "        </tr>\n",
       "        <tr>\n",
       "            <td>&nbsp;&nbsp;Heap Fetches: 1</td>\n",
       "        </tr>\n",
       "        <tr>\n",
       "            <td>Planning Time: 0.079 ms</td>\n",
       "        </tr>\n",
       "        <tr>\n",
       "            <td>Execution Time: 0.054 ms</td>\n",
       "        </tr>\n",
       "    </tbody>\n",
       "</table>"
      ],
      "text/plain": [
       "[('Index Only Scan using add_default_pkey on add_default address  (cost=0.15..20.66 rows=1 width=68) (actual time=0.040..0.041 rows=1 loops=1)',),\n",
       " (\"  Index Cond: ((street = 'dore'::text) AND (city = 'casselman'::text))\",),\n",
       " ('  Heap Fetches: 1',),\n",
       " ('Planning Time: 0.079 ms',),\n",
       " ('Execution Time: 0.054 ms',)]"
      ]
     },
     "execution_count": 79,
     "metadata": {},
     "output_type": "execute_result"
    }
   ],
   "source": [
    "%%sql\n",
    "\n",
    "explain ANALYZE\n",
    "select *\n",
    "from address\n",
    "where city = 'casselman' and street='dore';"
   ]
  },
  {
   "cell_type": "code",
   "execution_count": 83,
   "id": "cd171082",
   "metadata": {
    "vscode": {
     "languageId": "sql"
    }
   },
   "outputs": [
    {
     "name": "stdout",
     "output_type": "stream",
     "text": [
      " * postgresql+psycopg2://postgres:***@localhost/demo\n",
      "5 rows affected.\n"
     ]
    },
    {
     "data": {
      "text/html": [
       "<table>\n",
       "    <thead>\n",
       "        <tr>\n",
       "            <th>QUERY PLAN</th>\n",
       "        </tr>\n",
       "    </thead>\n",
       "    <tbody>\n",
       "        <tr>\n",
       "            <td>Seq Scan on add_win address  (cost=0.00..1.04 rows=1 width=68) (actual time=0.010..0.011 rows=0 loops=1)</td>\n",
       "        </tr>\n",
       "        <tr>\n",
       "            <td>&nbsp;&nbsp;Filter: ((city = &#x27;winchester&#x27;::text) AND (street = &#x27;dore&#x27;::text))</td>\n",
       "        </tr>\n",
       "        <tr>\n",
       "            <td>&nbsp;&nbsp;Rows Removed by Filter: 3</td>\n",
       "        </tr>\n",
       "        <tr>\n",
       "            <td>Planning Time: 0.093 ms</td>\n",
       "        </tr>\n",
       "        <tr>\n",
       "            <td>Execution Time: 0.023 ms</td>\n",
       "        </tr>\n",
       "    </tbody>\n",
       "</table>"
      ],
      "text/plain": [
       "[('Seq Scan on add_win address  (cost=0.00..1.04 rows=1 width=68) (actual time=0.010..0.011 rows=0 loops=1)',),\n",
       " (\"  Filter: ((city = 'winchester'::text) AND (street = 'dore'::text))\",),\n",
       " ('  Rows Removed by Filter: 3',),\n",
       " ('Planning Time: 0.093 ms',),\n",
       " ('Execution Time: 0.023 ms',)]"
      ]
     },
     "execution_count": 83,
     "metadata": {},
     "output_type": "execute_result"
    }
   ],
   "source": [
    "%%sql\n",
    "\n",
    "explain ANALYZE\n",
    "select *\n",
    "from address\n",
    "where city = 'winchester' and street = 'dore';"
   ]
  }
 ],
 "metadata": {
  "kernelspec": {
   "display_name": "hello",
   "language": "python",
   "name": "python3"
  },
  "language_info": {
   "codemirror_mode": {
    "name": "ipython",
    "version": 3
   },
   "file_extension": ".py",
   "mimetype": "text/x-python",
   "name": "python",
   "nbconvert_exporter": "python",
   "pygments_lexer": "ipython3",
   "version": "3.11.4"
  }
 },
 "nbformat": 4,
 "nbformat_minor": 5
}
