{
 "cells": [
  {
   "cell_type": "code",
   "execution_count": 1,
   "id": "49d86896",
   "metadata": {
    "vscode": {
     "languageId": "sql"
    }
   },
   "outputs": [],
   "source": [
    "%reload_ext sql\n",
    "%sql postgresql+psycopg2://postgres:postgres@localhost/demo"
   ]
  },
  {
   "cell_type": "code",
   "execution_count": 2,
   "id": "f2492b42",
   "metadata": {
    "vscode": {
     "languageId": "sql"
    }
   },
   "outputs": [],
   "source": [
    "%config SqlMagic.style = '_DEPRECATED_DEFAULT'"
   ]
  },
  {
   "cell_type": "markdown",
   "id": "18132731",
   "metadata": {},
   "source": [
    "### Sub partition"
   ]
  },
  {
   "cell_type": "markdown",
   "id": "03892281",
   "metadata": {},
   "source": [
    "we can create the year as partition and month as sub partition.\n",
    "\n",
    "Here we will use range partitioning."
   ]
  },
  {
   "cell_type": "code",
   "execution_count": 3,
   "id": "1a29de5b",
   "metadata": {
    "vscode": {
     "languageId": "sql"
    }
   },
   "outputs": [
    {
     "name": "stdout",
     "output_type": "stream",
     "text": [
      " * postgresql+psycopg2://postgres:***@localhost/demo\n",
      "Done.\n",
      "Done.\n"
     ]
    },
    {
     "data": {
      "text/plain": [
       "[]"
      ]
     },
     "execution_count": 3,
     "metadata": {},
     "output_type": "execute_result"
    }
   ],
   "source": [
    "%%sql\n",
    "\n",
    "DROP TABLE IF EXISTS orders;\n",
    "\n",
    "CREATE TABLE orders (\n",
    "    order_id   SERIAL not null,\n",
    "    order_date DATE NOT NULL, \n",
    "    customer_name VARCHAR(50),\n",
    "    amount     DECIMAL(10,2)\n",
    "-- PRIMARY KEY(order_id, order_date)\n",
    ")\n",
    "PARTITION BY RANGE (order_date);"
   ]
  },
  {
   "cell_type": "code",
   "execution_count": 4,
   "id": "c7d73910",
   "metadata": {
    "vscode": {
     "languageId": "sql"
    }
   },
   "outputs": [
    {
     "name": "stdout",
     "output_type": "stream",
     "text": [
      " * postgresql+psycopg2://postgres:***@localhost/demo\n",
      "Done.\n",
      "Done.\n",
      "Done.\n"
     ]
    },
    {
     "data": {
      "text/plain": [
       "[]"
      ]
     },
     "execution_count": 4,
     "metadata": {},
     "output_type": "execute_result"
    }
   ],
   "source": [
    "%%sql\n",
    "\n",
    "create TABLE order_2019 PARTITION of orders\n",
    "for values from ('2019-01-01') to ('2020-01-01')\n",
    "PARTITION by RANGE (order_date);\n",
    "\n",
    "create table order_2020 PARTITION of orders\n",
    "for values from ('2020-01-01') to ('2021-01-01')\n",
    "PARTITION by RANGE (order_date);\n",
    "\n",
    "create table order_default PARTITION of orders\n",
    "default;"
   ]
  },
  {
   "cell_type": "code",
   "execution_count": 5,
   "id": "4323cda6",
   "metadata": {
    "vscode": {
     "languageId": "sql"
    }
   },
   "outputs": [
    {
     "name": "stdout",
     "output_type": "stream",
     "text": [
      " * postgresql+psycopg2://postgres:***@localhost/demo\n",
      "Done.\n",
      "Done.\n",
      "Done.\n",
      "Done.\n",
      "Done.\n",
      "Done.\n",
      "Done.\n",
      "Done.\n",
      "Done.\n",
      "Done.\n",
      "Done.\n",
      "Done.\n"
     ]
    },
    {
     "data": {
      "text/plain": [
       "[]"
      ]
     },
     "execution_count": 5,
     "metadata": {},
     "output_type": "execute_result"
    }
   ],
   "source": [
    "%%sql\n",
    "\n",
    "create table order_2019_jan PARTITION of order_2019\n",
    "for values from ('2019-01-01') to ('2019-02-01');\n",
    "\n",
    "create table order_2019_feb PARTITION of order_2019\n",
    "for values from ('2019-02-01') to ('2019-03-01');\n",
    "\n",
    "create table order_2019_mar PARTITION of order_2019\n",
    "for values from ('2019-03-01') to ('2019-04-01');\n",
    "\n",
    "create table order_2019_april PARTITION of order_2019\n",
    "for values from ('2019-04-01') to ('2019-05-01');\n",
    "\n",
    "create table order_2019_may PARTITION of order_2019\n",
    "for values from ('2019-05-01') to ('2019-06-01');\n",
    "\n",
    "create table order_2019_jun PARTITION of order_2019\n",
    "for values from ('2019-06-01') to ('2019-07-01');\n",
    "\n",
    "create table order_2019_jul PARTITION of order_2019\n",
    "for values from ('2019-07-01') to ('2019-08-01');\n",
    "\n",
    "create table order_2019_aug PARTITION of order_2019\n",
    "for values from ('2019-08-01') to ('2019-09-01');\n",
    "\n",
    "create table order_2019_sep PARTITION of order_2019\n",
    "for values from ('2019-09-01') to ('2019-10-01');\n",
    "\n",
    "create table order_2019_oct PARTITION of order_2019\n",
    "for values from ('2019-10-01') to ('2019-11-01');\n",
    "\n",
    "create table order_2019_nov PARTITION of order_2019\n",
    "for values from ('2019-11-01') to ('2019-12-01');\n",
    "\n",
    "create table order_2019_dec PARTITION of order_2019\n",
    "for values from ('2019-12-01') to ('2020-01-01');"
   ]
  },
  {
   "cell_type": "code",
   "execution_count": 6,
   "id": "b3713f08",
   "metadata": {
    "vscode": {
     "languageId": "sql"
    }
   },
   "outputs": [
    {
     "name": "stdout",
     "output_type": "stream",
     "text": [
      " * postgresql+psycopg2://postgres:***@localhost/demo\n",
      "Done.\n",
      "Done.\n",
      "Done.\n",
      "Done.\n",
      "Done.\n",
      "Done.\n",
      "Done.\n",
      "Done.\n",
      "Done.\n",
      "Done.\n",
      "Done.\n",
      "Done.\n"
     ]
    },
    {
     "data": {
      "text/plain": [
       "[]"
      ]
     },
     "execution_count": 6,
     "metadata": {},
     "output_type": "execute_result"
    }
   ],
   "source": [
    "%%sql\n",
    "\n",
    "create table order_2020_jan PARTITION of order_2020\n",
    "for values from ('2020-01-01') to ('2020-02-01');\n",
    "\n",
    "create table order_2020_feb PARTITION of order_2020\n",
    "for values from ('2020-02-01') to ('2020-03-01');\n",
    "\n",
    "create table order_2020_mar PARTITION of order_2020\n",
    "for values from ('2020-03-01') to ('2020-04-01');\n",
    "\n",
    "create table order_2020_apr PARTITION of order_2020\n",
    "for values from ('2020-04-01') to ('2020-05-01');\n",
    "\n",
    "create table order_2020_may PARTITION of order_2020\n",
    "for values from ('2020-05-01') to ('2020-06-01');\n",
    "\n",
    "create table order_2020_jun PARTITION of order_2020\n",
    "for values from ('2020-06-01') to ('2020-07-01');\n",
    "\n",
    "create table order_2020_jul PARTITION of order_2020\n",
    "for values from ('2020-07-01') to ('2020-08-01');\n",
    "\n",
    "create table order_2020_aug PARTITION of order_2020\n",
    "for values from ('2020-08-01') to ('2020-09-01');\n",
    "\n",
    "create table order_2020_sep PARTITION of order_2020\n",
    "for values from ('2020-09-01') to ('2020-10-01');\n",
    "\n",
    "create table order_2020_oct PARTITION of order_2020\n",
    "for values from ('2020-10-01') to ('2020-11-01');\n",
    "\n",
    "create table order_2020_nov PARTITION of order_2020\n",
    "for values from ('2020-11-01') to ('2020-12-01');\n",
    "\n",
    "create table order_2020_dec PARTITION of order_2020\n",
    "for values from ('2020-12-01') to ('2021-01-01');"
   ]
  },
  {
   "cell_type": "code",
   "execution_count": 7,
   "id": "3f25076b",
   "metadata": {
    "vscode": {
     "languageId": "sql"
    }
   },
   "outputs": [
    {
     "name": "stdout",
     "output_type": "stream",
     "text": [
      " * postgresql+psycopg2://postgres:***@localhost/demo\n",
      "6 rows affected.\n"
     ]
    },
    {
     "data": {
      "text/plain": [
       "[]"
      ]
     },
     "execution_count": 7,
     "metadata": {},
     "output_type": "execute_result"
    }
   ],
   "source": [
    "%%sql\n",
    "\n",
    "INSERT INTO orders (order_date, customer_name, amount)\n",
    "VALUES\n",
    "('2019-05-10', 'Alice', 100.00),\n",
    "('2020-01-15', 'Bob', 200.50),\n",
    "('2020-12-01', 'Charlie', 300.00),\n",
    "('2021-07-20', 'Diana', 150.75),\n",
    "('2022-03-02', 'Edward', 500.00),\n",
    "('2025-06-18', 'FutureMan', 9999.99);"
   ]
  },
  {
   "cell_type": "code",
   "execution_count": 8,
   "id": "7321b44a",
   "metadata": {
    "vscode": {
     "languageId": "sql"
    }
   },
   "outputs": [
    {
     "name": "stdout",
     "output_type": "stream",
     "text": [
      " * postgresql+psycopg2://postgres:***@localhost/demo\n",
      "1 rows affected.\n"
     ]
    },
    {
     "data": {
      "text/html": [
       "<table>\n",
       "    <thead>\n",
       "        <tr>\n",
       "            <th>order_id</th>\n",
       "            <th>order_date</th>\n",
       "            <th>customer_name</th>\n",
       "            <th>amount</th>\n",
       "        </tr>\n",
       "    </thead>\n",
       "    <tbody>\n",
       "        <tr>\n",
       "            <td>1</td>\n",
       "            <td>2019-05-10</td>\n",
       "            <td>Alice</td>\n",
       "            <td>100.00</td>\n",
       "        </tr>\n",
       "    </tbody>\n",
       "</table>"
      ],
      "text/plain": [
       "[(1, datetime.date(2019, 5, 10), 'Alice', Decimal('100.00'))]"
      ]
     },
     "execution_count": 8,
     "metadata": {},
     "output_type": "execute_result"
    }
   ],
   "source": [
    "%%sql\n",
    "select *\n",
    "from orders\n",
    "where order_date between '2019-01-01' and '2019-06-01';"
   ]
  },
  {
   "cell_type": "code",
   "execution_count": 9,
   "id": "5458a130",
   "metadata": {
    "vscode": {
     "languageId": "sql"
    }
   },
   "outputs": [
    {
     "name": "stdout",
     "output_type": "stream",
     "text": [
      " * postgresql+psycopg2://postgres:***@localhost/demo\n",
      "15 rows affected.\n"
     ]
    },
    {
     "data": {
      "text/html": [
       "<table>\n",
       "    <thead>\n",
       "        <tr>\n",
       "            <th>QUERY PLAN</th>\n",
       "        </tr>\n",
       "    </thead>\n",
       "    <tbody>\n",
       "        <tr>\n",
       "            <td>Append  (cost=0.00..103.26 rows=12 width=142) (actual time=0.012..0.015 rows=1 loops=1)</td>\n",
       "        </tr>\n",
       "        <tr>\n",
       "            <td>&nbsp;&nbsp;-&gt;  Seq Scan on order_2019_jan orders_1  (cost=0.00..17.20 rows=2 width=142) (actual time=0.003..0.003 rows=0 loops=1)</td>\n",
       "        </tr>\n",
       "        <tr>\n",
       "            <td>&nbsp;&nbsp;&nbsp;&nbsp;&nbsp;&nbsp;&nbsp;&nbsp;Filter: ((order_date &gt;= &#x27;2019-01-01&#x27;::date) AND (order_date &lt;= &#x27;2019-06-01&#x27;::date))</td>\n",
       "        </tr>\n",
       "        <tr>\n",
       "            <td>&nbsp;&nbsp;-&gt;  Seq Scan on order_2019_feb orders_2  (cost=0.00..17.20 rows=2 width=142) (actual time=0.001..0.001 rows=0 loops=1)</td>\n",
       "        </tr>\n",
       "        <tr>\n",
       "            <td>&nbsp;&nbsp;&nbsp;&nbsp;&nbsp;&nbsp;&nbsp;&nbsp;Filter: ((order_date &gt;= &#x27;2019-01-01&#x27;::date) AND (order_date &lt;= &#x27;2019-06-01&#x27;::date))</td>\n",
       "        </tr>\n",
       "        <tr>\n",
       "            <td>&nbsp;&nbsp;-&gt;  Seq Scan on order_2019_mar orders_3  (cost=0.00..17.20 rows=2 width=142) (actual time=0.001..0.001 rows=0 loops=1)</td>\n",
       "        </tr>\n",
       "        <tr>\n",
       "            <td>&nbsp;&nbsp;&nbsp;&nbsp;&nbsp;&nbsp;&nbsp;&nbsp;Filter: ((order_date &gt;= &#x27;2019-01-01&#x27;::date) AND (order_date &lt;= &#x27;2019-06-01&#x27;::date))</td>\n",
       "        </tr>\n",
       "        <tr>\n",
       "            <td>&nbsp;&nbsp;-&gt;  Seq Scan on order_2019_april orders_4  (cost=0.00..17.20 rows=2 width=142) (actual time=0.001..0.001 rows=0 loops=1)</td>\n",
       "        </tr>\n",
       "        <tr>\n",
       "            <td>&nbsp;&nbsp;&nbsp;&nbsp;&nbsp;&nbsp;&nbsp;&nbsp;Filter: ((order_date &gt;= &#x27;2019-01-01&#x27;::date) AND (order_date &lt;= &#x27;2019-06-01&#x27;::date))</td>\n",
       "        </tr>\n",
       "        <tr>\n",
       "            <td>&nbsp;&nbsp;-&gt;  Seq Scan on order_2019_may orders_5  (cost=0.00..17.20 rows=2 width=142) (actual time=0.006..0.006 rows=1 loops=1)</td>\n",
       "        </tr>\n",
       "        <tr>\n",
       "            <td>&nbsp;&nbsp;&nbsp;&nbsp;&nbsp;&nbsp;&nbsp;&nbsp;Filter: ((order_date &gt;= &#x27;2019-01-01&#x27;::date) AND (order_date &lt;= &#x27;2019-06-01&#x27;::date))</td>\n",
       "        </tr>\n",
       "        <tr>\n",
       "            <td>&nbsp;&nbsp;-&gt;  Seq Scan on order_2019_jun orders_6  (cost=0.00..17.20 rows=2 width=142) (actual time=0.001..0.001 rows=0 loops=1)</td>\n",
       "        </tr>\n",
       "        <tr>\n",
       "            <td>&nbsp;&nbsp;&nbsp;&nbsp;&nbsp;&nbsp;&nbsp;&nbsp;Filter: ((order_date &gt;= &#x27;2019-01-01&#x27;::date) AND (order_date &lt;= &#x27;2019-06-01&#x27;::date))</td>\n",
       "        </tr>\n",
       "        <tr>\n",
       "            <td>Planning Time: 0.217 ms</td>\n",
       "        </tr>\n",
       "        <tr>\n",
       "            <td>Execution Time: 0.036 ms</td>\n",
       "        </tr>\n",
       "    </tbody>\n",
       "</table>"
      ],
      "text/plain": [
       "[('Append  (cost=0.00..103.26 rows=12 width=142) (actual time=0.012..0.015 rows=1 loops=1)',),\n",
       " ('  ->  Seq Scan on order_2019_jan orders_1  (cost=0.00..17.20 rows=2 width=142) (actual time=0.003..0.003 rows=0 loops=1)',),\n",
       " (\"        Filter: ((order_date >= '2019-01-01'::date) AND (order_date <= '2019-06-01'::date))\",),\n",
       " ('  ->  Seq Scan on order_2019_feb orders_2  (cost=0.00..17.20 rows=2 width=142) (actual time=0.001..0.001 rows=0 loops=1)',),\n",
       " (\"        Filter: ((order_date >= '2019-01-01'::date) AND (order_date <= '2019-06-01'::date))\",),\n",
       " ('  ->  Seq Scan on order_2019_mar orders_3  (cost=0.00..17.20 rows=2 width=142) (actual time=0.001..0.001 rows=0 loops=1)',),\n",
       " (\"        Filter: ((order_date >= '2019-01-01'::date) AND (order_date <= '2019-06-01'::date))\",),\n",
       " ('  ->  Seq Scan on order_2019_april orders_4  (cost=0.00..17.20 rows=2 width=142) (actual time=0.001..0.001 rows=0 loops=1)',),\n",
       " (\"        Filter: ((order_date >= '2019-01-01'::date) AND (order_date <= '2019-06-01'::date))\",),\n",
       " ('  ->  Seq Scan on order_2019_may orders_5  (cost=0.00..17.20 rows=2 width=142) (actual time=0.006..0.006 rows=1 loops=1)',),\n",
       " (\"        Filter: ((order_date >= '2019-01-01'::date) AND (order_date <= '2019-06-01'::date))\",),\n",
       " ('  ->  Seq Scan on order_2019_jun orders_6  (cost=0.00..17.20 rows=2 width=142) (actual time=0.001..0.001 rows=0 loops=1)',),\n",
       " (\"        Filter: ((order_date >= '2019-01-01'::date) AND (order_date <= '2019-06-01'::date))\",),\n",
       " ('Planning Time: 0.217 ms',),\n",
       " ('Execution Time: 0.036 ms',)]"
      ]
     },
     "execution_count": 9,
     "metadata": {},
     "output_type": "execute_result"
    }
   ],
   "source": [
    "%%sql\n",
    "\n",
    "explain analyze\n",
    "\n",
    "select *\n",
    "from orders\n",
    "where order_date between '2019-01-01' and '2019-06-01';"
   ]
  },
  {
   "cell_type": "code",
   "execution_count": 10,
   "id": "b7999026",
   "metadata": {
    "vscode": {
     "languageId": "sql"
    }
   },
   "outputs": [
    {
     "name": "stdout",
     "output_type": "stream",
     "text": [
      " * postgresql+psycopg2://postgres:***@localhost/demo\n",
      "4 rows affected.\n"
     ]
    },
    {
     "data": {
      "text/html": [
       "<table>\n",
       "    <thead>\n",
       "        <tr>\n",
       "            <th>QUERY PLAN</th>\n",
       "        </tr>\n",
       "    </thead>\n",
       "    <tbody>\n",
       "        <tr>\n",
       "            <td>Seq Scan on order_2020_jan orders  (cost=0.00..16.00 rows=2 width=142) (actual time=0.008..0.009 rows=1 loops=1)</td>\n",
       "        </tr>\n",
       "        <tr>\n",
       "            <td>&nbsp;&nbsp;Filter: (order_date = &#x27;2020-01-15&#x27;::date)</td>\n",
       "        </tr>\n",
       "        <tr>\n",
       "            <td>Planning Time: 0.172 ms</td>\n",
       "        </tr>\n",
       "        <tr>\n",
       "            <td>Execution Time: 0.019 ms</td>\n",
       "        </tr>\n",
       "    </tbody>\n",
       "</table>"
      ],
      "text/plain": [
       "[('Seq Scan on order_2020_jan orders  (cost=0.00..16.00 rows=2 width=142) (actual time=0.008..0.009 rows=1 loops=1)',),\n",
       " (\"  Filter: (order_date = '2020-01-15'::date)\",),\n",
       " ('Planning Time: 0.172 ms',),\n",
       " ('Execution Time: 0.019 ms',)]"
      ]
     },
     "execution_count": 10,
     "metadata": {},
     "output_type": "execute_result"
    }
   ],
   "source": [
    "%%sql\n",
    "\n",
    "explain analyze\n",
    "\n",
    "select *\n",
    "from orders\n",
    "where order_date = '2020-01-15';"
   ]
  }
 ],
 "metadata": {
  "kernelspec": {
   "display_name": "hello",
   "language": "python",
   "name": "python3"
  },
  "language_info": {
   "codemirror_mode": {
    "name": "ipython",
    "version": 3
   },
   "file_extension": ".py",
   "mimetype": "text/x-python",
   "name": "python",
   "nbconvert_exporter": "python",
   "pygments_lexer": "ipython3",
   "version": "3.11.4"
  }
 },
 "nbformat": 4,
 "nbformat_minor": 5
}
